<?xml version="1.0" encoding="UTF-8"?>
<testsuite xmlns:xsi="http://www.w3.org/2001/XMLSchema-instance" xsi:noNamespaceSchemaLocation="https://maven.apache.org/surefire/maven-surefire-plugin/xsd/surefire-test-report.xsd" version="3.0.2" name="com.aciworldwide.eccn_management_service.service.DocumentRecordServiceTest" time="0.164" tests="6" errors="0" skipped="0" failures="0">
  <properties>
    <property name="java.specification.version" value="21"/>
    <property name="sun.jnu.encoding" value="UTF-8"/>
    <property name="java.class.path" value="/home/username01/IdeaProjects/eccn-management-service/target/test-classes:/home/username01/IdeaProjects/eccn-management-service/target/classes:/home/username01/.m2/repository/org/springframework/boot/spring-boot-starter-actuator/3.4.1/spring-boot-starter-actuator-3.4.1.jar:/home/username01/.m2/repository/org/springframework/boot/spring-boot-starter/3.4.1/spring-boot-starter-3.4.1.jar:/home/username01/.m2/repository/jakarta/annotation/jakarta.annotation-api/2.1.1/jakarta.annotation-api-2.1.1.jar:/home/username01/.m2/repository/org/yaml/snakeyaml/2.3/snakeyaml-2.3.jar:/home/username01/.m2/repository/org/springframework/boot/spring-boot-actuator-autoconfigure/3.4.1/spring-boot-actuator-autoconfigure-3.4.1.jar:/home/username01/.m2/repository/org/springframework/boot/spring-boot-actuator/3.4.1/spring-boot-actuator-3.4.1.jar:/home/username01/.m2/repository/com/fasterxml/jackson/core/jackson-databind/2.18.2/jackson-databind-2.18.2.jar:/home/username01/.m2/repository/com/fasterxml/jackson/core/jackson-core/2.18.2/jackson-core-2.18.2.jar:/home/username01/.m2/repository/com/fasterxml/jackson/datatype/jackson-datatype-jsr310/2.18.2/jackson-datatype-jsr310-2.18.2.jar:/home/username01/.m2/repository/io/micrometer/micrometer-observation/1.14.2/micrometer-observation-1.14.2.jar:/home/username01/.m2/repository/io/micrometer/micrometer-commons/1.14.2/micrometer-commons-1.14.2.jar:/home/username01/.m2/repository/io/micrometer/micrometer-jakarta9/1.14.2/micrometer-jakarta9-1.14.2.jar:/home/username01/.m2/repository/io/micrometer/micrometer-core/1.14.2/micrometer-core-1.14.2.jar:/home/username01/.m2/repository/org/hdrhistogram/HdrHistogram/2.2.2/HdrHistogram-2.2.2.jar:/home/username01/.m2/repository/org/latencyutils/LatencyUtils/2.0.3/LatencyUtils-2.0.3.jar:/home/username01/.m2/repository/org/springframework/cloud/spring-cloud-starter-loadbalancer/4.2.0/spring-cloud-starter-loadbalancer-4.2.0.jar:/home/username01/.m2/repository/org/springframework/cloud/spring-cloud-loadbalancer/4.2.0/spring-cloud-loadbalancer-4.2.0.jar:/home/username01/.m2/repository/io/projectreactor/addons/reactor-extra/3.5.2/reactor-extra-3.5.2.jar:/home/username01/.m2/repository/com/stoyanr/evictor/1.0.0/evictor-1.0.0.jar:/home/username01/.m2/repository/org/springframework/cloud/spring-cloud-starter-circuitbreaker-resilience4j/3.2.0/spring-cloud-starter-circuitbreaker-resilience4j-3.2.0.jar:/home/username01/.m2/repository/org/springframework/cloud/spring-cloud-circuitbreaker-resilience4j/3.2.0/spring-cloud-circuitbreaker-resilience4j-3.2.0.jar:/home/username01/.m2/repository/io/github/resilience4j/resilience4j-circuitbreaker/2.2.0/resilience4j-circuitbreaker-2.2.0.jar:/home/username01/.m2/repository/io/github/resilience4j/resilience4j-timelimiter/2.2.0/resilience4j-timelimiter-2.2.0.jar:/home/username01/.m2/repository/org/springframework/cloud/spring-cloud-starter/4.2.0/spring-cloud-starter-4.2.0.jar:/home/username01/.m2/repository/org/springframework/cloud/spring-cloud-context/4.2.0/spring-cloud-context-4.2.0.jar:/home/username01/.m2/repository/org/springframework/security/spring-security-crypto/6.4.2/spring-security-crypto-6.4.2.jar:/home/username01/.m2/repository/org/springframework/cloud/spring-cloud-commons/4.2.0/spring-cloud-commons-4.2.0.jar:/home/username01/.m2/repository/org/bouncycastle/bcprov-jdk18on/1.78.1/bcprov-jdk18on-1.78.1.jar:/home/username01/.m2/repository/org/springframework/boot/spring-boot-starter-data-mongodb/3.4.1/spring-boot-starter-data-mongodb-3.4.1.jar:/home/username01/.m2/repository/org/mongodb/mongodb-driver-sync/5.2.1/mongodb-driver-sync-5.2.1.jar:/home/username01/.m2/repository/org/mongodb/bson/5.2.1/bson-5.2.1.jar:/home/username01/.m2/repository/org/mongodb/mongodb-driver-core/5.2.1/mongodb-driver-core-5.2.1.jar:/home/username01/.m2/repository/org/mongodb/bson-record-codec/5.2.1/bson-record-codec-5.2.1.jar:/home/username01/.m2/repository/org/springframework/data/spring-data-mongodb/4.4.1/spring-data-mongodb-4.4.1.jar:/home/username01/.m2/repository/org/springframework/spring-tx/6.2.1/spring-tx-6.2.1.jar:/home/username01/.m2/repository/org/springframework/spring-context/6.2.1/spring-context-6.2.1.jar:/home/username01/.m2/repository/org/springframework/spring-beans/6.2.1/spring-beans-6.2.1.jar:/home/username01/.m2/repository/org/springframework/spring-expression/6.2.1/spring-expression-6.2.1.jar:/home/username01/.m2/repository/org/springframework/data/spring-data-commons/3.4.1/spring-data-commons-3.4.1.jar:/home/username01/.m2/repository/org/testcontainers/mongodb/1.19.3/mongodb-1.19.3.jar:/home/username01/.m2/repository/org/testcontainers/junit-jupiter/1.19.3/junit-jupiter-1.19.3.jar:/home/username01/.m2/repository/org/springframework/boot/spring-boot-starter-data-rest/3.4.1/spring-boot-starter-data-rest-3.4.1.jar:/home/username01/.m2/repository/org/springframework/data/spring-data-rest-webmvc/4.4.1/spring-data-rest-webmvc-4.4.1.jar:/home/username01/.m2/repository/org/springframework/data/spring-data-rest-core/4.4.1/spring-data-rest-core-4.4.1.jar:/home/username01/.m2/repository/org/springframework/hateoas/spring-hateoas/2.4.1/spring-hateoas-2.4.1.jar:/home/username01/.m2/repository/org/springframework/plugin/spring-plugin-core/3.0.0/spring-plugin-core-3.0.0.jar:/home/username01/.m2/repository/org/atteo/evo-inflector/1.3/evo-inflector-1.3.jar:/home/username01/.m2/repository/com/fasterxml/jackson/core/jackson-annotations/2.18.2/jackson-annotations-2.18.2.jar:/home/username01/.m2/repository/org/springframework/boot/spring-boot-starter-security/3.4.1/spring-boot-starter-security-3.4.1.jar:/home/username01/.m2/repository/org/springframework/spring-aop/6.2.1/spring-aop-6.2.1.jar:/home/username01/.m2/repository/org/springframework/security/spring-security-config/6.4.2/spring-security-config-6.4.2.jar:/home/username01/.m2/repository/org/springframework/security/spring-security-core/6.4.2/spring-security-core-6.4.2.jar:/home/username01/.m2/repository/org/springframework/security/spring-security-web/6.4.2/spring-security-web-6.4.2.jar:/home/username01/.m2/repository/org/springframework/boot/spring-boot-devtools/3.4.1/spring-boot-devtools-3.4.1.jar:/home/username01/.m2/repository/org/springframework/boot/spring-boot/3.4.1/spring-boot-3.4.1.jar:/home/username01/.m2/repository/org/springframework/boot/spring-boot-autoconfigure/3.4.1/spring-boot-autoconfigure-3.4.1.jar:/home/username01/.m2/repository/org/springframework/boot/spring-boot-starter-test/3.4.1/spring-boot-starter-test-3.4.1.jar:/home/username01/.m2/repository/org/springframework/boot/spring-boot-test/3.4.1/spring-boot-test-3.4.1.jar:/home/username01/.m2/repository/org/springframework/boot/spring-boot-test-autoconfigure/3.4.1/spring-boot-test-autoconfigure-3.4.1.jar:/home/username01/.m2/repository/com/jayway/jsonpath/json-path/2.9.0/json-path-2.9.0.jar:/home/username01/.m2/repository/jakarta/xml/bind/jakarta.xml.bind-api/4.0.2/jakarta.xml.bind-api-4.0.2.jar:/home/username01/.m2/repository/jakarta/activation/jakarta.activation-api/2.1.3/jakarta.activation-api-2.1.3.jar:/home/username01/.m2/repository/net/minidev/json-smart/2.5.1/json-smart-2.5.1.jar:/home/username01/.m2/repository/net/minidev/accessors-smart/2.5.1/accessors-smart-2.5.1.jar:/home/username01/.m2/repository/org/ow2/asm/asm/9.6/asm-9.6.jar:/home/username01/.m2/repository/org/assertj/assertj-core/3.26.3/assertj-core-3.26.3.jar:/home/username01/.m2/repository/net/bytebuddy/byte-buddy/1.14.11/byte-buddy-1.14.11.jar:/home/username01/.m2/repository/org/awaitility/awaitility/4.2.2/awaitility-4.2.2.jar:/home/username01/.m2/repository/org/hamcrest/hamcrest/2.2/hamcrest-2.2.jar:/home/username01/.m2/repository/org/junit/jupiter/junit-jupiter/5.11.4/junit-jupiter-5.11.4.jar:/home/username01/.m2/repository/org/junit/jupiter/junit-jupiter-api/5.11.4/junit-jupiter-api-5.11.4.jar:/home/username01/.m2/repository/org/opentest4j/opentest4j/1.3.0/opentest4j-1.3.0.jar:/home/username01/.m2/repository/org/junit/platform/junit-platform-commons/1.11.4/junit-platform-commons-1.11.4.jar:/home/username01/.m2/repository/org/apiguardian/apiguardian-api/1.1.2/apiguardian-api-1.1.2.jar:/home/username01/.m2/repository/org/junit/jupiter/junit-jupiter-params/5.11.4/junit-jupiter-params-5.11.4.jar:/home/username01/.m2/repository/org/junit/jupiter/junit-jupiter-engine/5.11.4/junit-jupiter-engine-5.11.4.jar:/home/username01/.m2/repository/org/junit/platform/junit-platform-engine/1.11.4/junit-platform-engine-1.11.4.jar:/home/username01/.m2/repository/org/mockito/mockito-core/5.8.0/mockito-core-5.8.0.jar:/home/username01/.m2/repository/net/bytebuddy/byte-buddy-agent/1.14.11/byte-buddy-agent-1.14.11.jar:/home/username01/.m2/repository/org/objenesis/objenesis/3.3/objenesis-3.3.jar:/home/username01/.m2/repository/org/mockito/mockito-junit-jupiter/5.8.0/mockito-junit-jupiter-5.8.0.jar:/home/username01/.m2/repository/org/skyscreamer/jsonassert/1.5.3/jsonassert-1.5.3.jar:/home/username01/.m2/repository/com/vaadin/external/google/android-json/0.0.20131108.vaadin1/android-json-0.0.20131108.vaadin1.jar:/home/username01/.m2/repository/org/springframework/spring-core/6.2.1/spring-core-6.2.1.jar:/home/username01/.m2/repository/org/springframework/spring-jcl/6.2.1/spring-jcl-6.2.1.jar:/home/username01/.m2/repository/org/springframework/spring-test/6.2.1/spring-test-6.2.1.jar:/home/username01/.m2/repository/org/xmlunit/xmlunit-core/2.10.0/xmlunit-core-2.10.0.jar:/home/username01/.m2/repository/org/projectlombok/lombok/1.18.30/lombok-1.18.30.jar:/home/username01/.m2/repository/org/springframework/boot/spring-boot-starter-web/3.4.1/spring-boot-starter-web-3.4.1.jar:/home/username01/.m2/repository/org/springframework/boot/spring-boot-starter-json/3.4.1/spring-boot-starter-json-3.4.1.jar:/home/username01/.m2/repository/com/fasterxml/jackson/datatype/jackson-datatype-jdk8/2.18.2/jackson-datatype-jdk8-2.18.2.jar:/home/username01/.m2/repository/com/fasterxml/jackson/module/jackson-module-parameter-names/2.18.2/jackson-module-parameter-names-2.18.2.jar:/home/username01/.m2/repository/org/springframework/boot/spring-boot-starter-tomcat/3.4.1/spring-boot-starter-tomcat-3.4.1.jar:/home/username01/.m2/repository/org/apache/tomcat/embed/tomcat-embed-core/10.1.34/tomcat-embed-core-10.1.34.jar:/home/username01/.m2/repository/org/apache/tomcat/embed/tomcat-embed-websocket/10.1.34/tomcat-embed-websocket-10.1.34.jar:/home/username01/.m2/repository/org/springframework/spring-web/6.2.1/spring-web-6.2.1.jar:/home/username01/.m2/repository/org/springframework/spring-webmvc/6.2.1/spring-webmvc-6.2.1.jar:/home/username01/.m2/repository/org/springframework/boot/spring-boot-starter-cache/3.4.1/spring-boot-starter-cache-3.4.1.jar:/home/username01/.m2/repository/org/springframework/spring-context-support/6.2.1/spring-context-support-6.2.1.jar:/home/username01/.m2/repository/com/github/ben-manes/caffeine/caffeine/3.1.0/caffeine-3.1.0.jar:/home/username01/.m2/repository/org/checkerframework/checker-qual/3.21.4/checker-qual-3.21.4.jar:/home/username01/.m2/repository/com/google/errorprone/error_prone_annotations/2.13.1/error_prone_annotations-2.13.1.jar:/home/username01/.m2/repository/org/springframework/boot/spring-boot-starter-validation/3.4.1/spring-boot-starter-validation-3.4.1.jar:/home/username01/.m2/repository/org/apache/tomcat/embed/tomcat-embed-el/10.1.34/tomcat-embed-el-10.1.34.jar:/home/username01/.m2/repository/org/hibernate/validator/hibernate-validator/8.0.2.Final/hibernate-validator-8.0.2.Final.jar:/home/username01/.m2/repository/jakarta/validation/jakarta.validation-api/3.0.2/jakarta.validation-api-3.0.2.jar:/home/username01/.m2/repository/org/jboss/logging/jboss-logging/3.6.1.Final/jboss-logging-3.6.1.Final.jar:/home/username01/.m2/repository/com/fasterxml/classmate/1.7.0/classmate-1.7.0.jar:/home/username01/.m2/repository/org/springframework/boot/spring-boot-starter-logging/3.4.1/spring-boot-starter-logging-3.4.1.jar:/home/username01/.m2/repository/ch/qos/logback/logback-classic/1.5.12/logback-classic-1.5.12.jar:/home/username01/.m2/repository/ch/qos/logback/logback-core/1.5.12/logback-core-1.5.12.jar:/home/username01/.m2/repository/org/apache/logging/log4j/log4j-to-slf4j/2.24.3/log4j-to-slf4j-2.24.3.jar:/home/username01/.m2/repository/org/apache/logging/log4j/log4j-api/2.24.3/log4j-api-2.24.3.jar:/home/username01/.m2/repository/org/slf4j/jul-to-slf4j/2.0.16/jul-to-slf4j-2.0.16.jar:/home/username01/.m2/repository/org/springframework/boot/spring-boot-configuration-processor/3.4.1/spring-boot-configuration-processor-3.4.1.jar:/home/username01/.m2/repository/org/springdoc/springdoc-openapi-starter-webmvc-ui/2.3.0/springdoc-openapi-starter-webmvc-ui-2.3.0.jar:/home/username01/.m2/repository/org/springdoc/springdoc-openapi-starter-webmvc-api/2.3.0/springdoc-openapi-starter-webmvc-api-2.3.0.jar:/home/username01/.m2/repository/org/springdoc/springdoc-openapi-starter-common/2.3.0/springdoc-openapi-starter-common-2.3.0.jar:/home/username01/.m2/repository/io/swagger/core/v3/swagger-core-jakarta/2.2.19/swagger-core-jakarta-2.2.19.jar:/home/username01/.m2/repository/org/apache/commons/commons-lang3/3.17.0/commons-lang3-3.17.0.jar:/home/username01/.m2/repository/io/swagger/core/v3/swagger-annotations-jakarta/2.2.19/swagger-annotations-jakarta-2.2.19.jar:/home/username01/.m2/repository/io/swagger/core/v3/swagger-models-jakarta/2.2.19/swagger-models-jakarta-2.2.19.jar:/home/username01/.m2/repository/com/fasterxml/jackson/dataformat/jackson-dataformat-yaml/2.18.2/jackson-dataformat-yaml-2.18.2.jar:/home/username01/.m2/repository/org/webjars/swagger-ui/5.10.3/swagger-ui-5.10.3.jar:/home/username01/.m2/repository/io/github/java-diff-utils/java-diff-utils/4.12/java-diff-utils-4.12.jar:/home/username01/.m2/repository/io/projectreactor/reactor-test/3.7.1/reactor-test-3.7.1.jar:/home/username01/.m2/repository/io/projectreactor/reactor-core/3.7.1/reactor-core-3.7.1.jar:/home/username01/.m2/repository/org/reactivestreams/reactive-streams/1.0.4/reactive-streams-1.0.4.jar:/home/username01/.m2/repository/org/springframework/boot/spring-boot-starter-webflux/3.4.1/spring-boot-starter-webflux-3.4.1.jar:/home/username01/.m2/repository/org/springframework/boot/spring-boot-starter-reactor-netty/3.4.1/spring-boot-starter-reactor-netty-3.4.1.jar:/home/username01/.m2/repository/io/projectreactor/netty/reactor-netty-http/1.2.1/reactor-netty-http-1.2.1.jar:/home/username01/.m2/repository/io/netty/netty-codec-http/4.1.116.Final/netty-codec-http-4.1.116.Final.jar:/home/username01/.m2/repository/io/netty/netty-common/4.1.116.Final/netty-common-4.1.116.Final.jar:/home/username01/.m2/repository/io/netty/netty-buffer/4.1.116.Final/netty-buffer-4.1.116.Final.jar:/home/username01/.m2/repository/io/netty/netty-transport/4.1.116.Final/netty-transport-4.1.116.Final.jar:/home/username01/.m2/repository/io/netty/netty-codec/4.1.116.Final/netty-codec-4.1.116.Final.jar:/home/username01/.m2/repository/io/netty/netty-handler/4.1.116.Final/netty-handler-4.1.116.Final.jar:/home/username01/.m2/repository/io/netty/netty-codec-http2/4.1.116.Final/netty-codec-http2-4.1.116.Final.jar:/home/username01/.m2/repository/io/netty/netty-resolver-dns/4.1.116.Final/netty-resolver-dns-4.1.116.Final.jar:/home/username01/.m2/repository/io/netty/netty-resolver/4.1.116.Final/netty-resolver-4.1.116.Final.jar:/home/username01/.m2/repository/io/netty/netty-codec-dns/4.1.116.Final/netty-codec-dns-4.1.116.Final.jar:/home/username01/.m2/repository/io/netty/netty-resolver-dns-native-macos/4.1.116.Final/netty-resolver-dns-native-macos-4.1.116.Final-osx-x86_64.jar:/home/username01/.m2/repository/io/netty/netty-resolver-dns-classes-macos/4.1.116.Final/netty-resolver-dns-classes-macos-4.1.116.Final.jar:/home/username01/.m2/repository/io/netty/netty-transport-native-epoll/4.1.116.Final/netty-transport-native-epoll-4.1.116.Final-linux-x86_64.jar:/home/username01/.m2/repository/io/netty/netty-transport-native-unix-common/4.1.116.Final/netty-transport-native-unix-common-4.1.116.Final.jar:/home/username01/.m2/repository/io/netty/netty-transport-classes-epoll/4.1.116.Final/netty-transport-classes-epoll-4.1.116.Final.jar:/home/username01/.m2/repository/io/projectreactor/netty/reactor-netty-core/1.2.1/reactor-netty-core-1.2.1.jar:/home/username01/.m2/repository/io/netty/netty-handler-proxy/4.1.116.Final/netty-handler-proxy-4.1.116.Final.jar:/home/username01/.m2/repository/io/netty/netty-codec-socks/4.1.116.Final/netty-codec-socks-4.1.116.Final.jar:/home/username01/.m2/repository/org/springframework/spring-webflux/6.2.1/spring-webflux-6.2.1.jar:/home/username01/.m2/repository/io/github/resilience4j/resilience4j-bulkhead/2.1.0/resilience4j-bulkhead-2.1.0.jar:/home/username01/.m2/repository/io/github/resilience4j/resilience4j-core/2.2.0/resilience4j-core-2.2.0.jar:/home/username01/.m2/repository/org/slf4j/slf4j-api/2.0.16/slf4j-api-2.0.16.jar:/home/username01/.m2/repository/io/github/resilience4j/resilience4j-spring-boot3/2.1.0/resilience4j-spring-boot3-2.1.0.jar:/home/username01/.m2/repository/io/github/resilience4j/resilience4j-spring6/2.2.0/resilience4j-spring6-2.2.0.jar:/home/username01/.m2/repository/io/github/resilience4j/resilience4j-annotations/2.2.0/resilience4j-annotations-2.2.0.jar:/home/username01/.m2/repository/io/github/resilience4j/resilience4j-consumer/2.2.0/resilience4j-consumer-2.2.0.jar:/home/username01/.m2/repository/io/github/resilience4j/resilience4j-circularbuffer/2.2.0/resilience4j-circularbuffer-2.2.0.jar:/home/username01/.m2/repository/io/github/resilience4j/resilience4j-framework-common/2.2.0/resilience4j-framework-common-2.2.0.jar:/home/username01/.m2/repository/io/github/resilience4j/resilience4j-micrometer/2.2.0/resilience4j-micrometer-2.2.0.jar:/home/username01/.m2/repository/io/github/resilience4j/resilience4j-retry/2.2.0/resilience4j-retry-2.2.0.jar:/home/username01/.m2/repository/io/github/resilience4j/resilience4j-ratelimiter/2.2.0/resilience4j-ratelimiter-2.2.0.jar:/home/username01/.m2/repository/org/testcontainers/testcontainers/1.19.3/testcontainers-1.19.3.jar:/home/username01/.m2/repository/junit/junit/4.13.2/junit-4.13.2.jar:/home/username01/.m2/repository/org/hamcrest/hamcrest-core/2.2/hamcrest-core-2.2.jar:/home/username01/.m2/repository/org/apache/commons/commons-compress/1.24.0/commons-compress-1.24.0.jar:/home/username01/.m2/repository/org/rnorth/duct-tape/duct-tape/1.0.8/duct-tape-1.0.8.jar:/home/username01/.m2/repository/org/jetbrains/annotations/17.0.0/annotations-17.0.0.jar:/home/username01/.m2/repository/com/github/docker-java/docker-java-api/3.3.4/docker-java-api-3.3.4.jar:/home/username01/.m2/repository/com/github/docker-java/docker-java-transport-zerodep/3.3.4/docker-java-transport-zerodep-3.3.4.jar:/home/username01/.m2/repository/com/github/docker-java/docker-java-transport/3.3.4/docker-java-transport-3.3.4.jar:/home/username01/.m2/repository/net/java/dev/jna/jna/5.13.0/jna-5.13.0.jar:"/>
    <property name="java.vm.vendor" value="Ubuntu"/>
    <property name="sun.arch.data.model" value="64"/>
    <property name="java.vendor.url" value="https://ubuntu.com/"/>
    <property name="user.timezone" value="America/Chicago"/>
    <property name="os.name" value="Linux"/>
    <property name="java.vm.specification.version" value="21"/>
    <property name="sun.java.launcher" value="SUN_STANDARD"/>
    <property name="user.country" value="US"/>
    <property name="sun.boot.library.path" value="/usr/lib/jvm/java-21-openjdk-amd64/lib"/>
    <property name="sun.java.command" value="/home/username01/IdeaProjects/eccn-management-service/target/surefire/surefirebooter-20250108172832136_3.jar /home/username01/IdeaProjects/eccn-management-service/target/surefire 2025-01-08T17-28-32_016-jvmRun1 surefire-20250108172832136_1tmp surefire_0-20250108172832136_2tmp"/>
    <property name="jdk.debug" value="release"/>
    <property name="surefire.test.class.path" value="/home/username01/IdeaProjects/eccn-management-service/target/test-classes:/home/username01/IdeaProjects/eccn-management-service/target/classes:/home/username01/.m2/repository/org/springframework/boot/spring-boot-starter-actuator/3.4.1/spring-boot-starter-actuator-3.4.1.jar:/home/username01/.m2/repository/org/springframework/boot/spring-boot-starter/3.4.1/spring-boot-starter-3.4.1.jar:/home/username01/.m2/repository/jakarta/annotation/jakarta.annotation-api/2.1.1/jakarta.annotation-api-2.1.1.jar:/home/username01/.m2/repository/org/yaml/snakeyaml/2.3/snakeyaml-2.3.jar:/home/username01/.m2/repository/org/springframework/boot/spring-boot-actuator-autoconfigure/3.4.1/spring-boot-actuator-autoconfigure-3.4.1.jar:/home/username01/.m2/repository/org/springframework/boot/spring-boot-actuator/3.4.1/spring-boot-actuator-3.4.1.jar:/home/username01/.m2/repository/com/fasterxml/jackson/core/jackson-databind/2.18.2/jackson-databind-2.18.2.jar:/home/username01/.m2/repository/com/fasterxml/jackson/core/jackson-core/2.18.2/jackson-core-2.18.2.jar:/home/username01/.m2/repository/com/fasterxml/jackson/datatype/jackson-datatype-jsr310/2.18.2/jackson-datatype-jsr310-2.18.2.jar:/home/username01/.m2/repository/io/micrometer/micrometer-observation/1.14.2/micrometer-observation-1.14.2.jar:/home/username01/.m2/repository/io/micrometer/micrometer-commons/1.14.2/micrometer-commons-1.14.2.jar:/home/username01/.m2/repository/io/micrometer/micrometer-jakarta9/1.14.2/micrometer-jakarta9-1.14.2.jar:/home/username01/.m2/repository/io/micrometer/micrometer-core/1.14.2/micrometer-core-1.14.2.jar:/home/username01/.m2/repository/org/hdrhistogram/HdrHistogram/2.2.2/HdrHistogram-2.2.2.jar:/home/username01/.m2/repository/org/latencyutils/LatencyUtils/2.0.3/LatencyUtils-2.0.3.jar:/home/username01/.m2/repository/org/springframework/cloud/spring-cloud-starter-loadbalancer/4.2.0/spring-cloud-starter-loadbalancer-4.2.0.jar:/home/username01/.m2/repository/org/springframework/cloud/spring-cloud-loadbalancer/4.2.0/spring-cloud-loadbalancer-4.2.0.jar:/home/username01/.m2/repository/io/projectreactor/addons/reactor-extra/3.5.2/reactor-extra-3.5.2.jar:/home/username01/.m2/repository/com/stoyanr/evictor/1.0.0/evictor-1.0.0.jar:/home/username01/.m2/repository/org/springframework/cloud/spring-cloud-starter-circuitbreaker-resilience4j/3.2.0/spring-cloud-starter-circuitbreaker-resilience4j-3.2.0.jar:/home/username01/.m2/repository/org/springframework/cloud/spring-cloud-circuitbreaker-resilience4j/3.2.0/spring-cloud-circuitbreaker-resilience4j-3.2.0.jar:/home/username01/.m2/repository/io/github/resilience4j/resilience4j-circuitbreaker/2.2.0/resilience4j-circuitbreaker-2.2.0.jar:/home/username01/.m2/repository/io/github/resilience4j/resilience4j-timelimiter/2.2.0/resilience4j-timelimiter-2.2.0.jar:/home/username01/.m2/repository/org/springframework/cloud/spring-cloud-starter/4.2.0/spring-cloud-starter-4.2.0.jar:/home/username01/.m2/repository/org/springframework/cloud/spring-cloud-context/4.2.0/spring-cloud-context-4.2.0.jar:/home/username01/.m2/repository/org/springframework/security/spring-security-crypto/6.4.2/spring-security-crypto-6.4.2.jar:/home/username01/.m2/repository/org/springframework/cloud/spring-cloud-commons/4.2.0/spring-cloud-commons-4.2.0.jar:/home/username01/.m2/repository/org/bouncycastle/bcprov-jdk18on/1.78.1/bcprov-jdk18on-1.78.1.jar:/home/username01/.m2/repository/org/springframework/boot/spring-boot-starter-data-mongodb/3.4.1/spring-boot-starter-data-mongodb-3.4.1.jar:/home/username01/.m2/repository/org/mongodb/mongodb-driver-sync/5.2.1/mongodb-driver-sync-5.2.1.jar:/home/username01/.m2/repository/org/mongodb/bson/5.2.1/bson-5.2.1.jar:/home/username01/.m2/repository/org/mongodb/mongodb-driver-core/5.2.1/mongodb-driver-core-5.2.1.jar:/home/username01/.m2/repository/org/mongodb/bson-record-codec/5.2.1/bson-record-codec-5.2.1.jar:/home/username01/.m2/repository/org/springframework/data/spring-data-mongodb/4.4.1/spring-data-mongodb-4.4.1.jar:/home/username01/.m2/repository/org/springframework/spring-tx/6.2.1/spring-tx-6.2.1.jar:/home/username01/.m2/repository/org/springframework/spring-context/6.2.1/spring-context-6.2.1.jar:/home/username01/.m2/repository/org/springframework/spring-beans/6.2.1/spring-beans-6.2.1.jar:/home/username01/.m2/repository/org/springframework/spring-expression/6.2.1/spring-expression-6.2.1.jar:/home/username01/.m2/repository/org/springframework/data/spring-data-commons/3.4.1/spring-data-commons-3.4.1.jar:/home/username01/.m2/repository/org/testcontainers/mongodb/1.19.3/mongodb-1.19.3.jar:/home/username01/.m2/repository/org/testcontainers/junit-jupiter/1.19.3/junit-jupiter-1.19.3.jar:/home/username01/.m2/repository/org/springframework/boot/spring-boot-starter-data-rest/3.4.1/spring-boot-starter-data-rest-3.4.1.jar:/home/username01/.m2/repository/org/springframework/data/spring-data-rest-webmvc/4.4.1/spring-data-rest-webmvc-4.4.1.jar:/home/username01/.m2/repository/org/springframework/data/spring-data-rest-core/4.4.1/spring-data-rest-core-4.4.1.jar:/home/username01/.m2/repository/org/springframework/hateoas/spring-hateoas/2.4.1/spring-hateoas-2.4.1.jar:/home/username01/.m2/repository/org/springframework/plugin/spring-plugin-core/3.0.0/spring-plugin-core-3.0.0.jar:/home/username01/.m2/repository/org/atteo/evo-inflector/1.3/evo-inflector-1.3.jar:/home/username01/.m2/repository/com/fasterxml/jackson/core/jackson-annotations/2.18.2/jackson-annotations-2.18.2.jar:/home/username01/.m2/repository/org/springframework/boot/spring-boot-starter-security/3.4.1/spring-boot-starter-security-3.4.1.jar:/home/username01/.m2/repository/org/springframework/spring-aop/6.2.1/spring-aop-6.2.1.jar:/home/username01/.m2/repository/org/springframework/security/spring-security-config/6.4.2/spring-security-config-6.4.2.jar:/home/username01/.m2/repository/org/springframework/security/spring-security-core/6.4.2/spring-security-core-6.4.2.jar:/home/username01/.m2/repository/org/springframework/security/spring-security-web/6.4.2/spring-security-web-6.4.2.jar:/home/username01/.m2/repository/org/springframework/boot/spring-boot-devtools/3.4.1/spring-boot-devtools-3.4.1.jar:/home/username01/.m2/repository/org/springframework/boot/spring-boot/3.4.1/spring-boot-3.4.1.jar:/home/username01/.m2/repository/org/springframework/boot/spring-boot-autoconfigure/3.4.1/spring-boot-autoconfigure-3.4.1.jar:/home/username01/.m2/repository/org/springframework/boot/spring-boot-starter-test/3.4.1/spring-boot-starter-test-3.4.1.jar:/home/username01/.m2/repository/org/springframework/boot/spring-boot-test/3.4.1/spring-boot-test-3.4.1.jar:/home/username01/.m2/repository/org/springframework/boot/spring-boot-test-autoconfigure/3.4.1/spring-boot-test-autoconfigure-3.4.1.jar:/home/username01/.m2/repository/com/jayway/jsonpath/json-path/2.9.0/json-path-2.9.0.jar:/home/username01/.m2/repository/jakarta/xml/bind/jakarta.xml.bind-api/4.0.2/jakarta.xml.bind-api-4.0.2.jar:/home/username01/.m2/repository/jakarta/activation/jakarta.activation-api/2.1.3/jakarta.activation-api-2.1.3.jar:/home/username01/.m2/repository/net/minidev/json-smart/2.5.1/json-smart-2.5.1.jar:/home/username01/.m2/repository/net/minidev/accessors-smart/2.5.1/accessors-smart-2.5.1.jar:/home/username01/.m2/repository/org/ow2/asm/asm/9.6/asm-9.6.jar:/home/username01/.m2/repository/org/assertj/assertj-core/3.26.3/assertj-core-3.26.3.jar:/home/username01/.m2/repository/net/bytebuddy/byte-buddy/1.14.11/byte-buddy-1.14.11.jar:/home/username01/.m2/repository/org/awaitility/awaitility/4.2.2/awaitility-4.2.2.jar:/home/username01/.m2/repository/org/hamcrest/hamcrest/2.2/hamcrest-2.2.jar:/home/username01/.m2/repository/org/junit/jupiter/junit-jupiter/5.11.4/junit-jupiter-5.11.4.jar:/home/username01/.m2/repository/org/junit/jupiter/junit-jupiter-api/5.11.4/junit-jupiter-api-5.11.4.jar:/home/username01/.m2/repository/org/opentest4j/opentest4j/1.3.0/opentest4j-1.3.0.jar:/home/username01/.m2/repository/org/junit/platform/junit-platform-commons/1.11.4/junit-platform-commons-1.11.4.jar:/home/username01/.m2/repository/org/apiguardian/apiguardian-api/1.1.2/apiguardian-api-1.1.2.jar:/home/username01/.m2/repository/org/junit/jupiter/junit-jupiter-params/5.11.4/junit-jupiter-params-5.11.4.jar:/home/username01/.m2/repository/org/junit/jupiter/junit-jupiter-engine/5.11.4/junit-jupiter-engine-5.11.4.jar:/home/username01/.m2/repository/org/junit/platform/junit-platform-engine/1.11.4/junit-platform-engine-1.11.4.jar:/home/username01/.m2/repository/org/mockito/mockito-core/5.8.0/mockito-core-5.8.0.jar:/home/username01/.m2/repository/net/bytebuddy/byte-buddy-agent/1.14.11/byte-buddy-agent-1.14.11.jar:/home/username01/.m2/repository/org/objenesis/objenesis/3.3/objenesis-3.3.jar:/home/username01/.m2/repository/org/mockito/mockito-junit-jupiter/5.8.0/mockito-junit-jupiter-5.8.0.jar:/home/username01/.m2/repository/org/skyscreamer/jsonassert/1.5.3/jsonassert-1.5.3.jar:/home/username01/.m2/repository/com/vaadin/external/google/android-json/0.0.20131108.vaadin1/android-json-0.0.20131108.vaadin1.jar:/home/username01/.m2/repository/org/springframework/spring-core/6.2.1/spring-core-6.2.1.jar:/home/username01/.m2/repository/org/springframework/spring-jcl/6.2.1/spring-jcl-6.2.1.jar:/home/username01/.m2/repository/org/springframework/spring-test/6.2.1/spring-test-6.2.1.jar:/home/username01/.m2/repository/org/xmlunit/xmlunit-core/2.10.0/xmlunit-core-2.10.0.jar:/home/username01/.m2/repository/org/projectlombok/lombok/1.18.30/lombok-1.18.30.jar:/home/username01/.m2/repository/org/springframework/boot/spring-boot-starter-web/3.4.1/spring-boot-starter-web-3.4.1.jar:/home/username01/.m2/repository/org/springframework/boot/spring-boot-starter-json/3.4.1/spring-boot-starter-json-3.4.1.jar:/home/username01/.m2/repository/com/fasterxml/jackson/datatype/jackson-datatype-jdk8/2.18.2/jackson-datatype-jdk8-2.18.2.jar:/home/username01/.m2/repository/com/fasterxml/jackson/module/jackson-module-parameter-names/2.18.2/jackson-module-parameter-names-2.18.2.jar:/home/username01/.m2/repository/org/springframework/boot/spring-boot-starter-tomcat/3.4.1/spring-boot-starter-tomcat-3.4.1.jar:/home/username01/.m2/repository/org/apache/tomcat/embed/tomcat-embed-core/10.1.34/tomcat-embed-core-10.1.34.jar:/home/username01/.m2/repository/org/apache/tomcat/embed/tomcat-embed-websocket/10.1.34/tomcat-embed-websocket-10.1.34.jar:/home/username01/.m2/repository/org/springframework/spring-web/6.2.1/spring-web-6.2.1.jar:/home/username01/.m2/repository/org/springframework/spring-webmvc/6.2.1/spring-webmvc-6.2.1.jar:/home/username01/.m2/repository/org/springframework/boot/spring-boot-starter-cache/3.4.1/spring-boot-starter-cache-3.4.1.jar:/home/username01/.m2/repository/org/springframework/spring-context-support/6.2.1/spring-context-support-6.2.1.jar:/home/username01/.m2/repository/com/github/ben-manes/caffeine/caffeine/3.1.0/caffeine-3.1.0.jar:/home/username01/.m2/repository/org/checkerframework/checker-qual/3.21.4/checker-qual-3.21.4.jar:/home/username01/.m2/repository/com/google/errorprone/error_prone_annotations/2.13.1/error_prone_annotations-2.13.1.jar:/home/username01/.m2/repository/org/springframework/boot/spring-boot-starter-validation/3.4.1/spring-boot-starter-validation-3.4.1.jar:/home/username01/.m2/repository/org/apache/tomcat/embed/tomcat-embed-el/10.1.34/tomcat-embed-el-10.1.34.jar:/home/username01/.m2/repository/org/hibernate/validator/hibernate-validator/8.0.2.Final/hibernate-validator-8.0.2.Final.jar:/home/username01/.m2/repository/jakarta/validation/jakarta.validation-api/3.0.2/jakarta.validation-api-3.0.2.jar:/home/username01/.m2/repository/org/jboss/logging/jboss-logging/3.6.1.Final/jboss-logging-3.6.1.Final.jar:/home/username01/.m2/repository/com/fasterxml/classmate/1.7.0/classmate-1.7.0.jar:/home/username01/.m2/repository/org/springframework/boot/spring-boot-starter-logging/3.4.1/spring-boot-starter-logging-3.4.1.jar:/home/username01/.m2/repository/ch/qos/logback/logback-classic/1.5.12/logback-classic-1.5.12.jar:/home/username01/.m2/repository/ch/qos/logback/logback-core/1.5.12/logback-core-1.5.12.jar:/home/username01/.m2/repository/org/apache/logging/log4j/log4j-to-slf4j/2.24.3/log4j-to-slf4j-2.24.3.jar:/home/username01/.m2/repository/org/apache/logging/log4j/log4j-api/2.24.3/log4j-api-2.24.3.jar:/home/username01/.m2/repository/org/slf4j/jul-to-slf4j/2.0.16/jul-to-slf4j-2.0.16.jar:/home/username01/.m2/repository/org/springframework/boot/spring-boot-configuration-processor/3.4.1/spring-boot-configuration-processor-3.4.1.jar:/home/username01/.m2/repository/org/springdoc/springdoc-openapi-starter-webmvc-ui/2.3.0/springdoc-openapi-starter-webmvc-ui-2.3.0.jar:/home/username01/.m2/repository/org/springdoc/springdoc-openapi-starter-webmvc-api/2.3.0/springdoc-openapi-starter-webmvc-api-2.3.0.jar:/home/username01/.m2/repository/org/springdoc/springdoc-openapi-starter-common/2.3.0/springdoc-openapi-starter-common-2.3.0.jar:/home/username01/.m2/repository/io/swagger/core/v3/swagger-core-jakarta/2.2.19/swagger-core-jakarta-2.2.19.jar:/home/username01/.m2/repository/org/apache/commons/commons-lang3/3.17.0/commons-lang3-3.17.0.jar:/home/username01/.m2/repository/io/swagger/core/v3/swagger-annotations-jakarta/2.2.19/swagger-annotations-jakarta-2.2.19.jar:/home/username01/.m2/repository/io/swagger/core/v3/swagger-models-jakarta/2.2.19/swagger-models-jakarta-2.2.19.jar:/home/username01/.m2/repository/com/fasterxml/jackson/dataformat/jackson-dataformat-yaml/2.18.2/jackson-dataformat-yaml-2.18.2.jar:/home/username01/.m2/repository/org/webjars/swagger-ui/5.10.3/swagger-ui-5.10.3.jar:/home/username01/.m2/repository/io/github/java-diff-utils/java-diff-utils/4.12/java-diff-utils-4.12.jar:/home/username01/.m2/repository/io/projectreactor/reactor-test/3.7.1/reactor-test-3.7.1.jar:/home/username01/.m2/repository/io/projectreactor/reactor-core/3.7.1/reactor-core-3.7.1.jar:/home/username01/.m2/repository/org/reactivestreams/reactive-streams/1.0.4/reactive-streams-1.0.4.jar:/home/username01/.m2/repository/org/springframework/boot/spring-boot-starter-webflux/3.4.1/spring-boot-starter-webflux-3.4.1.jar:/home/username01/.m2/repository/org/springframework/boot/spring-boot-starter-reactor-netty/3.4.1/spring-boot-starter-reactor-netty-3.4.1.jar:/home/username01/.m2/repository/io/projectreactor/netty/reactor-netty-http/1.2.1/reactor-netty-http-1.2.1.jar:/home/username01/.m2/repository/io/netty/netty-codec-http/4.1.116.Final/netty-codec-http-4.1.116.Final.jar:/home/username01/.m2/repository/io/netty/netty-common/4.1.116.Final/netty-common-4.1.116.Final.jar:/home/username01/.m2/repository/io/netty/netty-buffer/4.1.116.Final/netty-buffer-4.1.116.Final.jar:/home/username01/.m2/repository/io/netty/netty-transport/4.1.116.Final/netty-transport-4.1.116.Final.jar:/home/username01/.m2/repository/io/netty/netty-codec/4.1.116.Final/netty-codec-4.1.116.Final.jar:/home/username01/.m2/repository/io/netty/netty-handler/4.1.116.Final/netty-handler-4.1.116.Final.jar:/home/username01/.m2/repository/io/netty/netty-codec-http2/4.1.116.Final/netty-codec-http2-4.1.116.Final.jar:/home/username01/.m2/repository/io/netty/netty-resolver-dns/4.1.116.Final/netty-resolver-dns-4.1.116.Final.jar:/home/username01/.m2/repository/io/netty/netty-resolver/4.1.116.Final/netty-resolver-4.1.116.Final.jar:/home/username01/.m2/repository/io/netty/netty-codec-dns/4.1.116.Final/netty-codec-dns-4.1.116.Final.jar:/home/username01/.m2/repository/io/netty/netty-resolver-dns-native-macos/4.1.116.Final/netty-resolver-dns-native-macos-4.1.116.Final-osx-x86_64.jar:/home/username01/.m2/repository/io/netty/netty-resolver-dns-classes-macos/4.1.116.Final/netty-resolver-dns-classes-macos-4.1.116.Final.jar:/home/username01/.m2/repository/io/netty/netty-transport-native-epoll/4.1.116.Final/netty-transport-native-epoll-4.1.116.Final-linux-x86_64.jar:/home/username01/.m2/repository/io/netty/netty-transport-native-unix-common/4.1.116.Final/netty-transport-native-unix-common-4.1.116.Final.jar:/home/username01/.m2/repository/io/netty/netty-transport-classes-epoll/4.1.116.Final/netty-transport-classes-epoll-4.1.116.Final.jar:/home/username01/.m2/repository/io/projectreactor/netty/reactor-netty-core/1.2.1/reactor-netty-core-1.2.1.jar:/home/username01/.m2/repository/io/netty/netty-handler-proxy/4.1.116.Final/netty-handler-proxy-4.1.116.Final.jar:/home/username01/.m2/repository/io/netty/netty-codec-socks/4.1.116.Final/netty-codec-socks-4.1.116.Final.jar:/home/username01/.m2/repository/org/springframework/spring-webflux/6.2.1/spring-webflux-6.2.1.jar:/home/username01/.m2/repository/io/github/resilience4j/resilience4j-bulkhead/2.1.0/resilience4j-bulkhead-2.1.0.jar:/home/username01/.m2/repository/io/github/resilience4j/resilience4j-core/2.2.0/resilience4j-core-2.2.0.jar:/home/username01/.m2/repository/org/slf4j/slf4j-api/2.0.16/slf4j-api-2.0.16.jar:/home/username01/.m2/repository/io/github/resilience4j/resilience4j-spring-boot3/2.1.0/resilience4j-spring-boot3-2.1.0.jar:/home/username01/.m2/repository/io/github/resilience4j/resilience4j-spring6/2.2.0/resilience4j-spring6-2.2.0.jar:/home/username01/.m2/repository/io/github/resilience4j/resilience4j-annotations/2.2.0/resilience4j-annotations-2.2.0.jar:/home/username01/.m2/repository/io/github/resilience4j/resilience4j-consumer/2.2.0/resilience4j-consumer-2.2.0.jar:/home/username01/.m2/repository/io/github/resilience4j/resilience4j-circularbuffer/2.2.0/resilience4j-circularbuffer-2.2.0.jar:/home/username01/.m2/repository/io/github/resilience4j/resilience4j-framework-common/2.2.0/resilience4j-framework-common-2.2.0.jar:/home/username01/.m2/repository/io/github/resilience4j/resilience4j-micrometer/2.2.0/resilience4j-micrometer-2.2.0.jar:/home/username01/.m2/repository/io/github/resilience4j/resilience4j-retry/2.2.0/resilience4j-retry-2.2.0.jar:/home/username01/.m2/repository/io/github/resilience4j/resilience4j-ratelimiter/2.2.0/resilience4j-ratelimiter-2.2.0.jar:/home/username01/.m2/repository/org/testcontainers/testcontainers/1.19.3/testcontainers-1.19.3.jar:/home/username01/.m2/repository/junit/junit/4.13.2/junit-4.13.2.jar:/home/username01/.m2/repository/org/hamcrest/hamcrest-core/2.2/hamcrest-core-2.2.jar:/home/username01/.m2/repository/org/apache/commons/commons-compress/1.24.0/commons-compress-1.24.0.jar:/home/username01/.m2/repository/org/rnorth/duct-tape/duct-tape/1.0.8/duct-tape-1.0.8.jar:/home/username01/.m2/repository/org/jetbrains/annotations/17.0.0/annotations-17.0.0.jar:/home/username01/.m2/repository/com/github/docker-java/docker-java-api/3.3.4/docker-java-api-3.3.4.jar:/home/username01/.m2/repository/com/github/docker-java/docker-java-transport-zerodep/3.3.4/docker-java-transport-zerodep-3.3.4.jar:/home/username01/.m2/repository/com/github/docker-java/docker-java-transport/3.3.4/docker-java-transport-3.3.4.jar:/home/username01/.m2/repository/net/java/dev/jna/jna/5.13.0/jna-5.13.0.jar:"/>
    <property name="sun.cpu.endian" value="little"/>
    <property name="user.home" value="/home/username01"/>
    <property name="user.language" value="en"/>
    <property name="java.specification.vendor" value="Oracle Corporation"/>
    <property name="java.version.date" value="2024-10-15"/>
    <property name="java.home" value="/usr/lib/jvm/java-21-openjdk-amd64"/>
    <property name="file.separator" value="/"/>
    <property name="basedir" value="/home/username01/IdeaProjects/eccn-management-service"/>
    <property name="java.vm.compressedOopsMode" value="Zero based"/>
    <property name="line.separator" value="&#10;"/>
    <property name="java.specification.name" value="Java Platform API Specification"/>
    <property name="java.vm.specification.vendor" value="Oracle Corporation"/>
    <property name="surefire.real.class.path" value="/home/username01/IdeaProjects/eccn-management-service/target/surefire/surefirebooter-20250108172832136_3.jar"/>
    <property name="sun.management.compiler" value="HotSpot 64-Bit Tiered Compilers"/>
    <property name="java.runtime.version" value="21.0.5+11-Ubuntu-1ubuntu124.10"/>
    <property name="user.name" value="username01"/>
    <property name="stdout.encoding" value="UTF-8"/>
    <property name="path.separator" value=":"/>
    <property name="os.version" value="6.11.0-13-generic"/>
    <property name="java.runtime.name" value="OpenJDK Runtime Environment"/>
    <property name="file.encoding" value="UTF-8"/>
    <property name="java.vm.name" value="OpenJDK 64-Bit Server VM"/>
    <property name="localRepository" value="/home/username01/.m2/repository"/>
    <property name="java.vendor.url.bug" value="https://bugs.launchpad.net/ubuntu/+source/openjdk-21"/>
    <property name="java.io.tmpdir" value="/tmp"/>
    <property name="java.version" value="21.0.5"/>
    <property name="user.dir" value="/home/username01/IdeaProjects/eccn-management-service"/>
    <property name="os.arch" value="amd64"/>
    <property name="java.vm.specification.name" value="Java Virtual Machine Specification"/>
    <property name="native.encoding" value="UTF-8"/>
    <property name="java.library.path" value="/usr/java/packages/lib:/usr/lib/x86_64-linux-gnu/jni:/lib/x86_64-linux-gnu:/usr/lib/x86_64-linux-gnu:/usr/lib/jni:/lib:/usr/lib"/>
    <property name="java.vm.info" value="mixed mode, sharing"/>
    <property name="stderr.encoding" value="UTF-8"/>
    <property name="java.vendor" value="Ubuntu"/>
    <property name="java.vm.version" value="21.0.5+11-Ubuntu-1ubuntu124.10"/>
    <property name="sun.io.unicode.encoding" value="UnicodeLittle"/>
    <property name="java.class.version" value="65.0"/>
  </properties>
  <testcase name="testGetDocumentsByTypeAndModule" classname="com.aciworldwide.eccn_management_service.service.DocumentRecordServiceTest" time="0.141"/>
  <testcase name="testCreateDocumentVersion" classname="com.aciworldwide.eccn_management_service.service.DocumentRecordServiceTest" time="0.006"/>
  <testcase name="testCompareDocumentVersions" classname="com.aciworldwide.eccn_management_service.service.DocumentRecordServiceTest" time="0.004"/>
  <testcase name="testLinkDocuments" classname="com.aciworldwide.eccn_management_service.service.DocumentRecordServiceTest" time="0.004"/>
  <testcase name="testGenerateDocument" classname="com.aciworldwide.eccn_management_service.service.DocumentRecordServiceTest" time="0.003"/>
  <testcase name="testGetDocumentVersions" classname="com.aciworldwide.eccn_management_service.service.DocumentRecordServiceTest" time="0.003"/>
</testsuite>